SF:lib/components/atoms/chip_widget.dart
DA:19,1
DA:20,1
DA:22,1
DA:24,1
DA:25,2
DA:26,1
DA:30,1
DA:32,1
DA:34,1
DA:35,2
LF:10
LH:10
end_of_record
SF:lib/models/chip_model.dart
DA:17,1
LF:1
LH:1
end_of_record
SF:lib/components/atoms/custom_button_widget.dart
DA:28,2
DA:35,2
DA:37,2
DA:39,2
DA:40,2
DA:41,2
DA:42,2
DA:43,2
DA:44,4
DA:45,2
DA:46,2
DA:47,2
DA:49,2
DA:50,2
DA:51,2
DA:52,2
LF:16
LH:16
end_of_record
SF:lib/components/atoms/icon_button_widget.dart
DA:33,5
DA:41,5
DA:43,5
DA:45,5
DA:46,5
DA:47,5
DA:48,5
DA:49,10
DA:50,5
DA:51,5
DA:52,5
DA:54,5
DA:55,5
DA:56,5
DA:57,5
LF:15
LH:15
end_of_record
SF:lib/components/atoms/promotional_banner.dart
DA:13,1
DA:16,1
DA:18,1
DA:20,1
DA:23,1
DA:25,1
DA:26,2
DA:27,1
DA:30,1
DA:31,1
DA:35,1
DA:36,2
DA:37,1
DA:41,1
DA:45,1
DA:46,2
LF:16
LH:16
end_of_record
SF:lib/models/promotional_banner_model.dart
DA:8,1
LF:1
LH:1
end_of_record
SF:lib/components/atoms/skeleton_widget.dart
DA:17,12
DA:21,0
DA:23,1
DA:24,1
DA:31,1
DA:33,1
DA:34,2
DA:37,1
DA:39,4
DA:42,1
DA:44,2
DA:45,1
DA:48,1
DA:50,1
DA:51,1
DA:52,1
DA:53,2
DA:54,2
DA:55,1
DA:56,1
DA:57,1
LF:21
LH:20
end_of_record
SF:lib/components/molecules/card_container.dart
DA:19,1
DA:24,0
DA:26,1
DA:28,1
DA:34,1
DA:35,1
DA:36,1
DA:38,1
DA:41,1
DA:42,1
DA:43,1
DA:46,1
DA:47,1
LF:13
LH:12
end_of_record
SF:lib/components/molecules/cart_card.dart
DA:27,1
DA:33,0
DA:35,1
DA:37,1
DA:38,1
DA:39,1
DA:42,1
DA:44,1
DA:46,2
DA:47,0
DA:48,0
DA:53,1
DA:54,1
DA:60,1
DA:62,1
DA:63,1
DA:64,1
DA:65,1
DA:73,1
DA:74,1
DA:75,1
DA:80,1
LF:22
LH:19
end_of_record
SF:lib/components/molecules/chips_carousel.dart
DA:17,1
DA:22,1
DA:24,1
DA:27,1
DA:28,2
DA:31,0
DA:36,1
DA:37,1
DA:38,2
LF:9
LH:8
end_of_record
SF:lib/components/molecules/custom_input.dart
DA:53,1
DA:67,1
DA:69,1
DA:71,1
DA:73,1
DA:74,1
DA:75,0
DA:76,0
DA:77,0
DA:78,0
DA:86,1
DA:87,1
DA:88,1
DA:89,1
DA:90,1
DA:91,1
DA:92,0
DA:93,0
DA:94,0
DA:97,1
DA:98,1
DA:99,1
DA:107,1
DA:108,1
DA:109,1
DA:111,1
DA:115,1
DA:120,1
DA:121,2
DA:122,1
DA:123,1
DA:126,1
DA:127,2
DA:128,1
DA:129,1
DA:132,1
DA:133,2
DA:134,1
DA:135,1
DA:138,1
DA:139,2
DA:140,1
DA:141,1
LF:43
LH:36
end_of_record
SF:lib/components/molecules/grid_skeleton.dart
DA:14,13
DA:16,1
DA:18,1
DA:29,1
LF:4
LH:4
end_of_record
SF:lib/components/molecules/lateral_menu_option.dart
DA:14,1
DA:17,1
DA:19,1
DA:21,1
DA:22,0
DA:23,0
DA:24,0
DA:27,1
DA:30,1
DA:32,1
DA:33,1
DA:34,2
DA:36,1
LF:13
LH:10
end_of_record
SF:lib/models/menu_option_model.dart
DA:17,1
LF:1
LH:1
end_of_record
SF:lib/components/molecules/product_card.dart
DA:18,1
DA:20,1
DA:22,1
DA:23,2
DA:24,1
DA:26,1
DA:27,1
DA:28,1
DA:31,1
DA:33,1
DA:35,3
DA:36,0
DA:41,1
DA:43,1
DA:44,2
DA:45,1
DA:53,1
DA:55,1
DA:56,1
DA:57,4
DA:58,1
DA:63,1
DA:66,2
LF:23
LH:22
end_of_record
SF:lib/components/molecules/promotional_banners.dart
DA:11,1
DA:13,1
DA:15,1
DA:18,1
DA:19,2
DA:22,0
DA:27,1
DA:28,1
DA:29,2
LF:9
LH:8
end_of_record
SF:lib/components/organisms/cards_grid.dart
DA:25,1
DA:30,1
DA:32,1
DA:34,1
DA:38,1
DA:40,1
DA:41,1
DA:43,1
DA:44,1
DA:48,1
DA:49,1
DA:50,1
DA:54,2
DA:61,1
DA:62,3
LF:15
LH:15
end_of_record
SF:lib/models/product_card_model.dart
DA:27,1
LF:1
LH:1
end_of_record
SF:lib/components/organisms/custom_app_bar.dart
DA:35,2
DA:43,2
DA:45,2
DA:47,2
DA:49,2
DA:50,2
DA:51,2
DA:61,2
DA:62,2
DA:63,2
DA:64,1
DA:66,1
DA:68,0
DA:69,0
DA:70,0
DA:77,2
DA:78,1
DA:80,1
DA:82,0
DA:83,0
DA:84,0
DA:91,2
DA:92,2
DA:93,2
DA:95,2
DA:98,2
DA:99,1
DA:101,1
DA:102,2
DA:104,3
DA:105,1
DA:107,0
DA:108,0
DA:109,0
LF:34
LH:25
end_of_record
SF:lib/components/organisms/lateral_menu.dart
DA:18,1
DA:25,1
DA:27,1
DA:28,1
DA:33,1
DA:35,1
DA:36,3
DA:39,1
DA:41,3
DA:42,1
DA:45,1
DA:47,1
DA:48,2
DA:49,1
DA:50,1
DA:51,0
DA:52,0
DA:53,0
DA:55,1
DA:56,1
DA:57,1
DA:58,1
DA:61,1
DA:62,3
DA:63,1
DA:66,1
DA:67,1
DA:68,1
DA:71,3
DA:72,3
DA:74,1
DA:76,1
DA:77,1
DA:78,1
DA:79,2
DA:83,1
DA:86,3
DA:87,1
DA:88,1
DA:89,1
DA:91,1
DA:92,3
DA:101,1
DA:103,1
DA:105,0
LF:45
LH:41
end_of_record
SF:lib/controller/lateral_menu_controller.dart
DA:10,0
DA:13,2
DA:19,1
DA:23,2
DA:28,2
DA:31,1
DA:32,1
DA:33,1
DA:37,2
DA:41,1
DA:42,2
LF:11
LH:10
end_of_record
SF:lib/components/organisms/login_form.dart
DA:22,3
DA:29,3
DA:31,3
DA:32,3
DA:33,3
DA:34,3
DA:37,3
DA:38,3
DA:43,3
DA:45,3
LF:10
LH:10
end_of_record
SF:lib/components/pages/login_page.dart
DA:23,1
DA:30,1
DA:32,1
DA:33,1
DA:34,1
DA:35,1
LF:6
LH:6
end_of_record
SF:lib/components/templates/login_template.dart
DA:22,2
DA:29,2
DA:31,2
DA:32,2
DA:35,2
DA:37,2
DA:38,2
DA:39,2
DA:40,2
LF:9
LH:9
end_of_record
SF:lib/components/templates/dahsboard_template.dart
DA:37,1
DA:46,0
DA:48,1
DA:50,1
DA:52,1
DA:53,1
DA:54,1
DA:55,1
DA:56,1
DA:57,1
DA:58,1
DA:59,1
DA:60,1
DA:61,1
DA:63,1
DA:64,1
DA:70,1
DA:75,1
LF:18
LH:17
end_of_record
